
=== Mon Sep 22 16:15:43 2025

Packages were changed.
Update Mode: updateDependencies

The following packages were added:
  com.unity.2d.sprite@1.0.0
  com.unity.2d.tilemap@1.0.0
  com.unity.ide.rider@3.0.36
  com.unity.ide.visualstudio@2.0.23
  com.unity.modules.androidjni@1.0.0
  com.unity.test-framework@1.5.1
  com.unity.timeline@1.8.9
  com.unity.ugui@2.0.0
  com.unity.xr.legacyinputhelpers@2.1.12
  com.unity.ai.navigation@2.0.8
  com.unity.modules.accessibility@1.0.0
  com.unity.multiplayer.center@1.0.0
The following packages were updated:
  com.unity.ads from version 2.0.8 to 4.4.2
  com.unity.analytics from version 3.2.2 to 3.8.1
  com.unity.collab-proxy from version 1.2.15 to 2.9.2
  com.unity.purchasing from version 2.0.3 to 4.12.2
The following packages were removed:
  com.unity.package-manager-ui@2.0.3
  com.unity.textmeshpro@1.3.0
